<?xml version="1.0" encoding="UTF-8"?>
<!-- Generated by org.testng.reporters.JUnitXMLReporter -->
<testsuite ignored="1" hostname="DESKTOP-RSI0BE2" failures="0" tests="2" name="Test" time="23.669" errors="0" timestamp="2023-03-09T11:01:27 IST">
  <testcase classname="com.mybank.testcase.TC_MyAccountPage2DataDriven" name="verifyRegisteredUser" time="5.14"/>
  <testcase classname="com.mybank.testcase.TC_MyAccountPage2DataDriven" name="verifyRegisteredUser" time="6.621"/>
  <testcase classname="com.mybank.testcase.TC_MyAccountPage2DataDriven" name="verifyRegistrationAndLogin" time="0.0">
    <ignored/>
  </testcase> <!-- verifyRegistrationAndLogin -->
</testsuite> <!-- Test -->
