<?xml version="1.0" encoding="UTF-8"?>
<!-- Generated by org.testng.reporters.JUnitXMLReporter -->
<testsuite ignored="1" hostname="DESKTOP-RSI0BE2" failures="0" tests="2" name="Test" time="35.029" errors="0" timestamp="2023-03-08T19:23:28 IST">
  <testcase classname="com.mybank.testcase.TC_MyAccountPage2DataDriven" name="verifyRegisteredUser" time="11.559"/>
  <testcase classname="com.mybank.testcase.TC_MyAccountPage2DataDriven" name="verifyRegisteredUser" time="7.934"/>
  <testcase classname="com.mybank.testcase.TC_MyAccountPage2DataDriven" name="verifyRegistrationAndLogin" time="0.0">
    <ignored/>
  </testcase> <!-- verifyRegistrationAndLogin -->
</testsuite> <!-- Test -->
