<?xml version="1.0" encoding="UTF-8"?>
<testng-results ignored="1" total="3" passed="2" failed="0" skipped="0">
  <reporter-output>
  </reporter-output>
  <suite started-at="2023-03-09T11:03:14 IST" name="Suite" finished-at="2023-03-09T11:03:34 IST" duration-ms="20485">
    <groups>
    </groups>
    <test started-at="2023-03-09T11:03:14 IST" name="Test" finished-at="2023-03-09T11:03:34 IST" duration-ms="20485">
      <class name="com.mybank.testcase.TC_MyAccountPage2DataDriven">
        <test-method is-config="true" signature="setup()[pri:0, instance:com.mybank.testcase.TC_MyAccountPage2DataDriven@27ce24aa]" started-at="2023-03-09T11:03:14 IST" name="setup" finished-at="2023-03-09T11:03:22 IST" duration-ms="8055" status="PASS">
          <reporter-output>
          </reporter-output>
        </test-method> <!-- setup -->
        <test-method signature="verifyRegisteredUser(java.lang.String,java.lang.String,java.lang.String)[pri:0, instance:com.mybank.testcase.TC_MyAccountPage2DataDriven@27ce24aa]" started-at="2023-03-09T11:03:23 IST" name="verifyRegisteredUser" data-provider="LoginDataProider" finished-at="2023-03-09T11:03:28 IST" duration-ms="4678" status="PASS">
          <params>
            <param index="0">
              <value>
                <![CDATA[mngr460574]]>
              </value>
            </param>
            <param index="1">
              <value>
                <![CDATA[utytebY]]>
              </value>
            </param>
            <param index="2">
              <value>
                <![CDATA[Welcome To Manager's Page of Guru99 Bank]]>
              </value>
            </param>
          </params>
          <reporter-output>
          </reporter-output>
        </test-method> <!-- verifyRegisteredUser -->
        <test-method signature="verifyRegisteredUser(java.lang.String,java.lang.String,java.lang.String)[pri:0, instance:com.mybank.testcase.TC_MyAccountPage2DataDriven@27ce24aa]" started-at="2023-03-09T11:03:28 IST" name="verifyRegisteredUser" data-provider="LoginDataProider" finished-at="2023-03-09T11:03:34 IST" duration-ms="5636" status="PASS">
          <params>
            <param index="0">
              <value>
                <![CDATA[mngr482955]]>
              </value>
            </param>
            <param index="1">
              <value>
                <![CDATA[Ysazyhy]]>
              </value>
            </param>
            <param index="2">
              <value>
                <![CDATA[Welcome To Manager's Page of Guru99 Bank]]>
              </value>
            </param>
          </params>
          <reporter-output>
          </reporter-output>
        </test-method> <!-- verifyRegisteredUser -->
        <test-method is-config="true" signature="teardown()[pri:0, instance:com.mybank.testcase.TC_MyAccountPage2DataDriven@27ce24aa]" started-at="2023-03-09T11:03:34 IST" name="teardown" finished-at="2023-03-09T11:03:34 IST" duration-ms="320" status="PASS">
          <reporter-output>
          </reporter-output>
        </test-method> <!-- teardown -->
      </class> <!-- com.mybank.testcase.TC_MyAccountPage2DataDriven -->
    </test> <!-- Test -->
  </suite> <!-- Suite -->
</testng-results>
